{"numFailedTestSuites":0,"numFailedTests":0,"numPassedTestSuites":3,"numPassedTests":7,"numPendingTestSuites":0,"numPendingTests":0,"numRuntimeErrorTestSuites":0,"numTodoTests":0,"numTotalTestSuites":3,"numTotalTests":7,"openHandles":[],"snapshot":{"added":0,"didUpdate":false,"failure":false,"filesAdded":0,"filesRemoved":0,"filesRemovedList":[],"filesUnmatched":0,"filesUpdated":0,"matched":0,"total":0,"unchecked":0,"uncheckedKeysByFile":[],"unmatched":0,"updated":0},"startTime":1727126014604,"success":true,"testResults":[{"assertionResults":[{"ancestorTitles":["expense slice reducers"],"failureMessages":[],"fullName":"expense slice reducers should handle addNewExpense","location":null,"status":"passed","title":"should handle addNewExpense"},{"ancestorTitles":["expense slice reducers"],"failureMessages":[],"fullName":"expense slice reducers should handle deleteExpense","location":null,"status":"passed","title":"should handle deleteExpense"},{"ancestorTitles":["expense slice reducers"],"failureMessages":[],"fullName":"expense slice reducers should not change state when deleting a non-existing expense","location":null,"status":"passed","title":"should not change state when deleting a non-existing expense"}],"endTime":1727126016779,"message":"","name":"/home/crio-user/workspace/singhabhay0315-ME_BUILDOUT_XPENSE_TRACKER/src/__tests__/expenseSlice.test.js","startTime":1727126015620,"status":"passed","summary":""},{"assertionResults":[{"ancestorTitles":["newExpense slice reducers"],"failureMessages":[],"fullName":"newExpense slice reducers should handle addNewExpense","location":null,"status":"passed","title":"should handle addNewExpense"},{"ancestorTitles":["newExpense slice reducers"],"failureMessages":[],"fullName":"newExpense slice reducers should handle deleteExpense","location":null,"status":"passed","title":"should handle deleteExpense"},{"ancestorTitles":["newExpense slice reducers"],"failureMessages":[],"fullName":"newExpense slice reducers should handle deleteExpense for non-existing id","location":null,"status":"passed","title":"should handle deleteExpense for non-existing id"}],"endTime":1727126017171,"message":"","name":"/home/crio-user/workspace/singhabhay0315-ME_BUILDOUT_XPENSE_TRACKER/src/__tests__/transactionSlice.test.js","startTime":1727126016824,"status":"passed","summary":""},{"assertionResults":[{"ancestorTitles":["newTracker slice reducers"],"failureMessages":[],"fullName":"newTracker slice reducers should handle addNewTracker","location":null,"status":"passed","title":"should handle addNewTracker"}],"endTime":1727126017691,"message":"","name":"/home/crio-user/workspace/singhabhay0315-ME_BUILDOUT_XPENSE_TRACKER/src/__tests__/userSlice.test.js","startTime":1727126017193,"status":"passed","summary":""}],"wasInterrupted":false}